#
# A fatal error has been detected by the Java Runtime Environment:
#
#  EXCEPTION_ACCESS_VIOLATION (0xc0000005) at pc=0x0000000180002490, pid=10024, tid=0x0000000000009f54
#
# JRE version: Java(TM) SE Runtime Environment (8.0_271-b09) (build 1.8.0_271-b09)
# Java VM: Java HotSpot(TM) 64-Bit Server VM (25.271-b09 mixed mode windows-amd64 compressed oops)
# Problematic frame:
# C  0x0000000180002490
#
# Failed to write core dump. Minidumps are not enabled by default on client versions of Windows
#
# If you would like to submit a bug report, please visit:
#   http://bugreport.java.com/bugreport/crash.jsp
# The crash happened outside the Java Virtual Machine in native code.
# See problematic frame for where to report the bug.
#

---------------  T H R E A D  ---------------

Current thread (0x0000020efeec4000):  JavaThread "Thread-32" [_thread_in_native, id=40788, stack(0x000000bf1ca00000,0x000000bf1cb00000)]

siginfo: ExceptionCode=0xc0000005, ExceptionInformation=0x0000000000000008 0x0000000180002490

Registers:
RAX=0x00000006c0804968, RBX=0x0000000776f0ea40, RCX=0x0000020efeec41f8, RDX=0x000000bf1cafec00
RSP=0x000000bf1cafebd8, RBP=0x000000bf1cafec40, RSI=0x00000007787fcf50, RDI=0x0000000000000000
R8 =0x0000000000000000, R9 =0x000000bf1cafec10, R10=0x0000000180002490, R11=0x0000000000000000
R12=0x0000000000000000, R13=0x00000007787fcf50, R14=0x00000007787fcd48, R15=0x0000020efeec4000
RIP=0x0000000180002490, EFLAGS=0x0000000000010246

Top of Stack: (sp=0x000000bf1cafebd8)
0x000000bf1cafebd8:   0000020e8087c1ac 00000007787fcc80
0x000000bf1cafebe8:   0000020e8014d1d0 00000007787fda98
0x000000bf1cafebf8:   000000bf1cafec50 00000007787fcf50
0x000000bf1cafec08:   00000007787fcc80 0000000776f0ea40
0x000000bf1cafec18:   00000006c0b22788 0000000000000000
0x000000bf1cafec28:   00007ffce1f11245 0000000778b15068
0x000000bf1cafec38:   0000000778b0a700 000000bf1caff7d0
0x000000bf1cafec48:   0000020e8087e974 000000bf1caff7d0
0x000000bf1cafec58:   0000020e807d10d4 0000000776f0a970
0x000000bf1cafec68:   0000000778bdc060 0000000800000007
0x000000bf1cafec78:   0000000776d0a4c0 000000bf1caff7d0
0x000000bf1cafec88:   0000020e807e102c 000000bf1caff7d0
0x000000bf1cafec98:   0000000776f0d6b8 0000020eef71a780
0x000000bf1cafeca8:   00000000577feccc 0000000778b0a658
0x000000bf1cafecb8:   0000000700000000 00010283002b002b
0x000000bf1cafecc8:   0000000000000000 000000bf1caff7d0 

Instructions: (pc=0x0000000180002490)
0x0000000180002470:   
[error occurred during error reporting (printing registers, top of stack, instructions near pc), id 0xc0000005]

Register to memory mapping:

RAX=0x00000006c0804968 is an oop
java.lang.Class 
 - klass: 'java/lang/Class'
RBX=0x0000000776f0ea40 is an oop
[Ljava.lang.Object; 
 - klass: 'java/lang/Object'[]
 - length: 3
RCX=0x0000020efeec41f8 is an unknown value
RDX=0x000000bf1cafec00 is pointing into the stack for thread: 0x0000020efeec4000
RSP=0x000000bf1cafebd8 is pointing into the stack for thread: 0x0000020efeec4000
RBP=0x000000bf1cafec40 is pointing into the stack for thread: 0x0000020efeec4000
RSI=0x00000007787fcf50 is an oop
com.sun.jna.Function 
 - klass: 'com/sun/jna/Function'
RDI=0x0000000000000000 is an unknown value
R8 =0x0000000000000000 is an unknown value
R9 =0x000000bf1cafec10 is pointing into the stack for thread: 0x0000020efeec4000
R10=0x0000000180002490 is an unknown value
R11=0x0000000000000000 is an unknown value
R12=0x0000000000000000 is an unknown value
R13=0x00000007787fcf50 is an oop
com.sun.jna.Function 
 - klass: 'com/sun/jna/Function'
R14=0x00000007787fcd48 is an oop
com.sun.proxy.$Proxy84 
 - klass: 'com/sun/proxy/$Proxy84'
R15=0x0000020efeec4000 is a thread


Stack: [0x000000bf1ca00000,0x000000bf1cb00000],  sp=0x000000bf1cafebd8,  free space=1018k
Native frames: (J=compiled Java code, j=interpreted, Vv=VM code, C=native code)
C  0x0000000180002490

Java frames: (J=compiled Java code, j=interpreted, Vv=VM code)
J 4495  com.sun.jna.Function.invokeVoid(I[Ljava/lang/Object;)V (0 bytes) @ 0x0000020e8087c10f [0x0000020e8087c0c0+0x4f]
J 4494 C1 com.sun.jna.Function.invoke([Ljava/lang/Object;Ljava/lang/Class;)Ljava/lang/Object; (1043 bytes) @ 0x0000020e8087e974 [0x0000020e8087cd60+0x1c14]
J 4446 C1 com.sun.jna.Function.invoke(Ljava/lang/Class;[Ljava/lang/Object;Ljava/util/Map;)Ljava/lang/Object; (552 bytes) @ 0x0000020e80852a6c [0x0000020e808524e0+0x58c]
J 4445 C1 com.sun.jna.Library$Handler.invoke(Ljava/lang/Object;Ljava/lang/reflect/Method;[Ljava/lang/Object;)Ljava/lang/Object; (348 bytes) @ 0x0000020e808569ec [0x0000020e80855ec0+0xb2c]
J 4450 C1 com.sun.proxy.$Proxy84.update([D[D[D)V (44 bytes) @ 0x0000020e808597e4 [0x0000020e808595a0+0x244]
J 3648% C1 com.huantek.jni.conversionData.ConversionDataHandy2.run()V (933 bytes) @ 0x0000020e80442ae4 [0x0000020e80442320+0x7c4]
v  ~StubRoutines::call_stub

---------------  P R O C E S S  ---------------

Java Threads: ( => current thread )
  0x0000020efeedb800 JavaThread "SpringContextShutdownHook" [_thread_in_native, id=38784, stack(0x000000bf18e00000,0x000000bf18f00000)]
  0x0000020efeed3800 JavaThread "SIGINT handler" daemon [_thread_blocked, id=20744, stack(0x000000bf18c00000,0x000000bf18d00000)]
  0x0000020efeed9000 JavaThread "Timer-5" [_thread_blocked, id=32336, stack(0x000000bf1d600000,0x000000bf1d700000)]
  0x0000020efeeda000 JavaThread "Timer-4" [_thread_blocked, id=24892, stack(0x000000bf1d900000,0x000000bf1da00000)]
  0x0000020efeed1800 JavaThread "Timer-3" [_thread_blocked, id=27700, stack(0x000000bf1d800000,0x000000bf1d900000)]
  0x0000020efeed4800 JavaThread "Timer-2" [_thread_blocked, id=12060, stack(0x000000bf1d700000,0x000000bf1d800000)]
  0x0000020efeed8800 JavaThread "Thread-39" [_thread_in_native, id=28028, stack(0x000000bf1d500000,0x000000bf1d600000)]
  0x0000020efeed0000 JavaThread "pool-3-thread-1" [_thread_blocked, id=12876, stack(0x000000bf1d100000,0x000000bf1d200000)]
  0x0000020efeed7800 JavaThread "Timer-1" [_thread_blocked, id=40712, stack(0x000000bf1d200000,0x000000bf1d300000)]
  0x0000020efeed2000 JavaThread "JmDNS(PS2-Inception.local.).State.Timer" [_thread_blocked, id=22252, stack(0x000000bf1d000000,0x000000bf1d100000)]
  0x0000020efeed3000 JavaThread "JmDNS(PS2-Inception.local.).Timer" daemon [_thread_blocked, id=28744, stack(0x000000bf1cf00000,0x000000bf1d000000)]
  0x0000020efeed7000 JavaThread "SocketListener(PS2-Inception.local.)" daemon [_thread_in_native, id=4992, stack(0x000000bf1ce00000,0x000000bf1cf00000)]
  0x0000020efeecf000 JavaThread "JmDNS(RegisterService).State.Timer" [_thread_blocked, id=35516, stack(0x000000bf1cd00000,0x000000bf1ce00000)]
  0x0000020efeed6000 JavaThread "JmDNS(RegisterService).Timer" daemon [_thread_blocked, id=30828, stack(0x000000bf1cc00000,0x000000bf1cd00000)]
  0x0000020efeec6800 JavaThread "SocketListener(RegisterService)" daemon [_thread_in_native, id=20384, stack(0x000000bf1cb00000,0x000000bf1cc00000)]
=>0x0000020efeec4000 JavaThread "Thread-32" [_thread_in_native, id=40788, stack(0x000000bf1ca00000,0x000000bf1cb00000)]
  0x0000020efeec5000 JavaThread "nioEventLoopGroup-3-9" [_thread_in_native, id=20964, stack(0x000000bf1c900000,0x000000bf1ca00000)]
  0x0000020efeec3800 JavaThread "nioEventLoopGroup-3-8" [_thread_in_native, id=31476, stack(0x000000bf1c800000,0x000000bf1c900000)]
  0x0000020efeec2000 JavaThread "nioEventLoopGroup-3-7" [_thread_in_native, id=27896, stack(0x000000bf1c700000,0x000000bf1c800000)]
  0x0000020efeec0800 JavaThread "nioEventLoopGroup-3-6" [_thread_in_native, id=9300, stack(0x000000bf1c600000,0x000000bf1c700000)]
  0x0000020efeec5800 JavaThread "nioEventLoopGroup-3-5" [_thread_in_native, id=12788, stack(0x000000bf1c500000,0x000000bf1c600000)]
  0x0000020efeebf800 JavaThread "nioEventLoopGroup-3-4" [_thread_in_native, id=22744, stack(0x000000bf1c400000,0x000000bf1c500000)]
  0x0000020efeec1000 JavaThread "nioEventLoopGroup-3-3" [_thread_in_native, id=25372, stack(0x000000bf1c300000,0x000000bf1c400000)]
  0x0000020efeec2800 JavaThread "nioEventLoopGroup-3-2" [_thread_in_native, id=12336, stack(0x000000bf1c200000,0x000000bf1c300000)]
  0x0000020efeeb8000 JavaThread "pool-1-thread-1" [_thread_blocked, id=36468, stack(0x000000bf1c100000,0x000000bf1c200000)]
  0x0000020efeebd800 JavaThread "nioEventLoopGroup-3-1" [_thread_in_native, id=9924, stack(0x000000bf1a800000,0x000000bf1a900000)]
  0x0000020efeebb000 JavaThread "DestroyJavaVM" [_thread_blocked, id=6808, stack(0x000000bf18f00000,0x000000bf19000000)]
  0x0000020efeeba800 JavaThread "http-nio-auto-1-Acceptor" daemon [_thread_in_native, id=40296, stack(0x000000bf1c000000,0x000000bf1c100000)]
  0x0000020efeebc000 JavaThread "http-nio-auto-1-ClientPoller" daemon [_thread_in_native, id=13728, stack(0x000000bf1bf00000,0x000000bf1c000000)]
  0x0000020efeebf000 JavaThread "http-nio-auto-1-exec-10" daemon [_thread_blocked, id=34940, stack(0x000000bf1be00000,0x000000bf1bf00000)]
  0x0000020efeeb9000 JavaThread "http-nio-auto-1-exec-9" daemon [_thread_blocked, id=21792, stack(0x000000bf1bd00000,0x000000bf1be00000)]
  0x0000020efeeb9800 JavaThread "http-nio-auto-1-exec-8" daemon [_thread_blocked, id=4928, stack(0x000000bf1bc00000,0x000000bf1bd00000)]
  0x0000020efeebe000 JavaThread "http-nio-auto-1-exec-7" daemon [_thread_blocked, id=11104, stack(0x000000bf1bb00000,0x000000bf1bc00000)]
  0x0000020efeeb7800 JavaThread "http-nio-auto-1-exec-6" daemon [_thread_blocked, id=1376, stack(0x000000bf1ba00000,0x000000bf1bb00000)]
  0x0000020efecbe800 JavaThread "http-nio-auto-1-exec-5" daemon [_thread_blocked, id=28644, stack(0x000000bf1b900000,0x000000bf1ba00000)]
  0x0000020efecbb800 JavaThread "http-nio-auto-1-exec-4" daemon [_thread_blocked, id=4000, stack(0x000000bf1b800000,0x000000bf1b900000)]
  0x0000020efecb8800 JavaThread "http-nio-auto-1-exec-3" daemon [_thread_blocked, id=40356, stack(0x000000bf1b700000,0x000000bf1b800000)]
  0x0000020efecbe000 JavaThread "http-nio-auto-1-exec-2" daemon [_thread_blocked, id=34600, stack(0x000000bf1b600000,0x000000bf1b700000)]
  0x0000020efecbb000 JavaThread "http-nio-auto-1-exec-1" daemon [_thread_blocked, id=21864, stack(0x000000bf1b500000,0x000000bf1b600000)]
  0x0000020efecb8000 JavaThread "http-nio-auto-1-BlockPoller" daemon [_thread_in_native, id=4004, stack(0x000000bf1b200000,0x000000bf1b300000)]
  0x0000020efecba000 JavaThread "Timer-0" [_thread_blocked, id=37388, stack(0x000000bf1b400000,0x000000bf1b500000)]
  0x0000020efecb9800 JavaThread "Thread-24" [_thread_in_native, id=27972, stack(0x000000bf1b300000,0x000000bf1b400000)]
  0x0000020efecbd000 JavaThread "nioEventLoopGroup-2-1" [_thread_in_native, id=20044, stack(0x000000bf1b000000,0x000000bf1b100000)]
  0x0000020efecbc800 JavaThread "Live Reload Server" daemon [_thread_in_native, id=42852, stack(0x000000bf1b100000,0x000000bf1b200000)]
  0x0000020eff5b2000 JavaThread "container-0" [_thread_blocked, id=1588, stack(0x000000bf1ae00000,0x000000bf1af00000)]
  0x0000020eff5b1800 JavaThread "Catalina-utility-2" [_thread_blocked, id=35472, stack(0x000000bf1ad00000,0x000000bf1ae00000)]
  0x0000020eff5b0800 JavaThread "Catalina-utility-1" [_thread_blocked, id=23896, stack(0x000000bf1ac00000,0x000000bf1ad00000)]
  0x0000020efddfd800 JavaThread "RMI Scheduler(0)" daemon [_thread_blocked, id=29780, stack(0x000000bf1ab00000,0x000000bf1ac00000)]
  0x0000020efda36000 JavaThread "RMI TCP Accept-0" daemon [_thread_in_native, id=16316, stack(0x000000bf1a500000,0x000000bf1a600000)]
  0x0000020efd707000 JavaThread "Service Thread" daemon [_thread_blocked, id=1540, stack(0x000000bf1a400000,0x000000bf1a500000)]
  0x0000020efd66e800 JavaThread "C1 CompilerThread3" daemon [_thread_blocked, id=41876, stack(0x000000bf1a300000,0x000000bf1a400000)]
  0x0000020efd668800 JavaThread "C2 CompilerThread2" daemon [_thread_blocked, id=39800, stack(0x000000bf1a200000,0x000000bf1a300000)]
  0x0000020efd667800 JavaThread "C2 CompilerThread1" daemon [_thread_blocked, id=42648, stack(0x000000bf1a100000,0x000000bf1a200000)]
  0x0000020efd667000 JavaThread "C2 CompilerThread0" daemon [_thread_blocked, id=17944, stack(0x000000bf1a000000,0x000000bf1a100000)]
  0x0000020efd286000 JavaThread "JDWP Event Helper Thread" daemon [_thread_blocked, id=35748, stack(0x000000bf19e00000,0x000000bf19f00000)]
  0x0000020efd278800 JavaThread "Attach Listener" daemon [_thread_blocked, id=35316, stack(0x000000bf19c00000,0x000000bf19d00000)]
  0x0000020efb548800 JavaThread "Signal Dispatcher" daemon [_thread_blocked, id=25828, stack(0x000000bf19b00000,0x000000bf19c00000)]
  0x0000020efb516800 JavaThread "Finalizer" daemon [_thread_blocked, id=41260, stack(0x000000bf19a00000,0x000000bf19b00000)]
  0x0000020efb507800 JavaThread "Reference Handler" daemon [_thread_blocked, id=16840, stack(0x000000bf19900000,0x000000bf19a00000)]

Other Threads:
  0x0000020efb4df800 VMThread [stack: 0x000000bf19800000,0x000000bf19900000] [id=8852]
  0x0000020efda3f000 WatcherThread [stack: 0x000000bf1a600000,0x000000bf1a700000] [id=17648]

VM state:not at safepoint (normal execution)

VM Mutex/Monitor currently owned by a thread: None

heap address: 0x00000006c0800000, size: 4088 MB, Compressed Oops mode: Zero based, Oop shift amount: 3
Narrow klass base: 0x0000000000000000, Narrow klass shift: 3
Compressed class space size: 1073741824 Address: 0x00000007c0000000

Heap:
 PSYoungGen      total 236544K, used 221253K [0x000000076ad80000, 0x0000000782400000, 0x00000007c0000000)
  eden space 223232K, 93% used [0x000000076ad80000,0x0000000777893d58,0x0000000778780000)
  from space 13312K, 99% used [0x0000000778780000,0x000000077947d770,0x0000000779480000)
  to   space 15872K, 0% used [0x0000000781480000,0x0000000781480000,0x0000000782400000)
 ParOldGen       total 128000K, used 18993K [0x00000006c0800000, 0x00000006c8500000, 0x000000076ad80000)
  object space 128000K, 14% used [0x00000006c0800000,0x00000006c1a8c5f8,0x00000006c8500000)
 Metaspace       used 42379K, capacity 44606K, committed 44668K, reserved 1087488K
  class space    used 5610K, capacity 6004K, committed 6016K, reserved 1048576K

Card table byte_map: [0x0000020ef1580000,0x0000020ef1d80000] byte_map_base: 0x0000020eedf7c000

Marking Bits: (ParMarkBitMap*) 0x0000000057f67fe0
 Begin Bits: [0x0000020ef22e0000, 0x0000020ef62c0000)
 End Bits:   [0x0000020ef62c0000, 0x0000020efa2a0000)

Polling page: 0x0000020eef8f0000

CodeCache: size=245760Kb used=9679Kb max_used=9679Kb free=236080Kb
 bounds [0x0000020e80000000, 0x0000020e80980000, 0x0000020e8f000000]
 total_blobs=5131 nmethods=4621 adapters=430
 compilation: enabled

Compilation events (10 events):
Event: 133.691 Thread 0x0000020efd66e800 4708 % !   1       com.huantek.vein.socket.SocketThreadFirm::run @ 144 (4167 bytes)
Event: 133.748 Thread 0x0000020efd66e800 nmethod 4708% 0x0000020e809005d0 code [0x0000020e80902760, 0x0000020e8094a7d0]
Event: 133.748 Thread 0x0000020efd66e800 4712   !   1       java.util.concurrent.ConcurrentHashMap::clear (176 bytes)
Event: 133.748 Thread 0x0000020efd66e800 nmethod 4712 0x0000020e80974c50 code [0x0000020e80974de0, 0x0000020e809753c0]
Event: 133.748 Thread 0x0000020efd66e800 4711       1       java.util.concurrent.ConcurrentHashMap$MapEntry::getValue (5 bytes)
Event: 133.749 Thread 0x0000020efd66e800 nmethod 4711 0x0000020e80975790 code [0x0000020e809758e0, 0x0000020e809759f8]
Event: 133.749 Thread 0x0000020efd66e800 4709       1       java.util.logging.LogManager$LoggerContext::getRootLogger (8 bytes)
Event: 133.749 Thread 0x0000020efd66e800 nmethod 4709 0x0000020e80975a50 code [0x0000020e80975ba0, 0x0000020e80975cd8]
Event: 133.749 Thread 0x0000020efd66e800 4710       1       java.util.logging.LogManager$LoggerContext::getGlobalLogger (6 bytes)
Event: 133.749 Thread 0x0000020efd66e800 nmethod 4710 0x0000020e80975d90 code [0x0000020e80975ee0, 0x0000020e80975ff8]

GC Heap History (10 events):
Event: 2.229 GC heap before
{Heap before GC invocations=5 (full 1):
 PSYoungGen      total 141824K, used 5711K [0x000000076ad80000, 0x0000000774280000, 0x00000007c0000000)
  eden space 131072K, 0% used [0x000000076ad80000,0x000000076ad80000,0x0000000772d80000)
  from space 10752K, 53% used [0x0000000773800000,0x0000000773d93f70,0x0000000774280000)
  to   space 10752K, 0% used [0x0000000772d80000,0x0000000772d80000,0x0000000773800000)
 ParOldGen       total 175104K, used 40K [0x00000006c0800000, 0x00000006cb300000, 0x000000076ad80000)
  object space 175104K, 0% used [0x00000006c0800000,0x00000006c080a000,0x00000006cb300000)
 Metaspace       used 20819K, capacity 21564K, committed 21628K, reserved 1069056K
  class space    used 2765K, capacity 2931K, committed 2944K, reserved 1048576K
Event: 2.273 GC heap after
Heap after GC invocations=5 (full 1):
 PSYoungGen      total 141824K, used 0K [0x000000076ad80000, 0x0000000774280000, 0x00000007c0000000)
  eden space 131072K, 0% used [0x000000076ad80000,0x000000076ad80000,0x0000000772d80000)
  from space 10752K, 0% used [0x0000000773800000,0x0000000773800000,0x0000000774280000)
  to   space 10752K, 0% used [0x0000000772d80000,0x0000000772d80000,0x0000000773800000)
 ParOldGen       total 86016K, used 5617K [0x00000006c0800000, 0x00000006c5c00000, 0x000000076ad80000)
  object space 86016K, 6% used [0x00000006c0800000,0x00000006c0d7c750,0x00000006c5c00000)
 Metaspace       used 20817K, capacity 21558K, committed 21628K, reserved 1069056K
  class space    used 2765K, capacity 2930K, committed 2944K, reserved 1048576K
}
Event: 3.697 GC heap before
{Heap before GC invocations=6 (full 1):
 PSYoungGen      total 141824K, used 131072K [0x000000076ad80000, 0x0000000774280000, 0x00000007c0000000)
  eden space 131072K, 100% used [0x000000076ad80000,0x0000000772d80000,0x0000000772d80000)
  from space 10752K, 0% used [0x0000000773800000,0x0000000773800000,0x0000000774280000)
  to   space 10752K, 0% used [0x0000000772d80000,0x0000000772d80000,0x0000000773800000)
 ParOldGen       total 86016K, used 5617K [0x00000006c0800000, 0x00000006c5c00000, 0x000000076ad80000)
  object space 86016K, 6% used [0x00000006c0800000,0x00000006c0d7c750,0x00000006c5c00000)
 Metaspace       used 26093K, capacity 27330K, committed 27388K, reserved 1073152K
  class space    used 3517K, capacity 3789K, committed 3840K, reserved 1048576K
Event: 3.705 GC heap after
Heap after GC invocations=6 (full 1):
 PSYoungGen      total 141824K, used 9023K [0x000000076ad80000, 0x000000077a180000, 0x00000007c0000000)
  eden space 131072K, 0% used [0x000000076ad80000,0x000000076ad80000,0x0000000772d80000)
  from space 10752K, 83% used [0x0000000772d80000,0x000000077364fdd0,0x0000000773800000)
  to   space 10752K, 0% used [0x0000000779700000,0x0000000779700000,0x000000077a180000)
 ParOldGen       total 86016K, used 5625K [0x00000006c0800000, 0x00000006c5c00000, 0x000000076ad80000)
  object space 86016K, 6% used [0x00000006c0800000,0x00000006c0d7e750,0x00000006c5c00000)
 Metaspace       used 26093K, capacity 27330K, committed 27388K, reserved 1073152K
  class space    used 3517K, capacity 3789K, committed 3840K, reserved 1048576K
}
Event: 4.522 GC heap before
{Heap before GC invocations=7 (full 1):
 PSYoungGen      total 141824K, used 132922K [0x000000076ad80000, 0x000000077a180000, 0x00000007c0000000)
  eden space 131072K, 94% used [0x000000076ad80000,0x000000077267ed90,0x0000000772d80000)
  from space 10752K, 83% used [0x0000000772d80000,0x000000077364fdd0,0x0000000773800000)
  to   space 10752K, 0% used [0x0000000779700000,0x0000000779700000,0x000000077a180000)
 ParOldGen       total 86016K, used 5625K [0x00000006c0800000, 0x00000006c5c00000, 0x000000076ad80000)
  object space 86016K, 6% used [0x00000006c0800000,0x00000006c0d7e750,0x00000006c5c00000)
 Metaspace       used 34165K, capacity 36018K, committed 36048K, reserved 1081344K
  class space    used 4596K, capacity 4965K, committed 4992K, reserved 1048576K
Event: 4.531 GC heap after
Heap after GC invocations=7 (full 1):
 PSYoungGen      total 233472K, used 10749K [0x000000076ad80000, 0x000000077a180000, 0x00000007c0000000)
  eden space 222720K, 0% used [0x000000076ad80000,0x000000076ad80000,0x0000000778700000)
  from space 10752K, 99% used [0x0000000779700000,0x000000077a17f640,0x000000077a180000)
  to   space 13312K, 0% used [0x0000000778780000,0x0000000778780000,0x0000000779480000)
 ParOldGen       total 86016K, used 8071K [0x00000006c0800000, 0x00000006c5c00000, 0x000000076ad80000)
  object space 86016K, 9% used [0x00000006c0800000,0x00000006c0fe1d18,0x00000006c5c00000)
 Metaspace       used 34165K, capacity 36018K, committed 36048K, reserved 1081344K
  class space    used 4596K, capacity 4965K, committed 4992K, reserved 1048576K
}
Event: 4.531 GC heap before
{Heap before GC invocations=8 (full 2):
 PSYoungGen      total 233472K, used 10749K [0x000000076ad80000, 0x000000077a180000, 0x00000007c0000000)
  eden space 222720K, 0% used [0x000000076ad80000,0x000000076ad80000,0x0000000778700000)
  from space 10752K, 99% used [0x0000000779700000,0x000000077a17f640,0x000000077a180000)
  to   space 13312K, 0% used [0x0000000778780000,0x0000000778780000,0x0000000779480000)
 ParOldGen       total 86016K, used 8071K [0x00000006c0800000, 0x00000006c5c00000, 0x000000076ad80000)
  object space 86016K, 9% used [0x00000006c0800000,0x00000006c0fe1d18,0x00000006c5c00000)
 Metaspace       used 34165K, capacity 36018K, committed 36048K, reserved 1081344K
  class space    used 4596K, capacity 4965K, committed 4992K, reserved 1048576K
Event: 4.598 GC heap after
Heap after GC invocations=8 (full 2):
 PSYoungGen      total 233472K, used 0K [0x000000076ad80000, 0x000000077a180000, 0x00000007c0000000)
  eden space 222720K, 0% used [0x000000076ad80000,0x000000076ad80000,0x0000000778700000)
  from space 10752K, 0% used [0x0000000779700000,0x0000000779700000,0x000000077a180000)
  to   space 13312K, 0% used [0x0000000778780000,0x0000000778780000,0x0000000779480000)
 ParOldGen       total 128000K, used 17798K [0x00000006c0800000, 0x00000006c8500000, 0x000000076ad80000)
  object space 128000K, 13% used [0x00000006c0800000,0x00000006c1961a50,0x00000006c8500000)
 Metaspace       used 34165K, capacity 36018K, committed 36048K, reserved 1081344K
  class space    used 4596K, capacity 4965K, committed 4992K, reserved 1048576K
}
Event: 63.840 GC heap before
{Heap before GC invocations=9 (full 2):
 PSYoungGen      total 233472K, used 222720K [0x000000076ad80000, 0x000000077a180000, 0x00000007c0000000)
  eden space 222720K, 100% used [0x000000076ad80000,0x0000000778700000,0x0000000778700000)
  from space 10752K, 0% used [0x0000000779700000,0x0000000779700000,0x000000077a180000)
  to   space 13312K, 0% used [0x0000000778780000,0x0000000778780000,0x0000000779480000)
 ParOldGen       total 128000K, used 17798K [0x00000006c0800000, 0x00000006c8500000, 0x000000076ad80000)
  object space 128000K, 13% used [0x00000006c0800000,0x00000006c1961a50,0x00000006c8500000)
 Metaspace       used 42353K, capacity 44460K, committed 44668K, reserved 1087488K
  class space    used 5605K, capacity 5999K, committed 6016K, reserved 1048576K
Event: 63.853 GC heap after
Heap after GC invocations=9 (full 2):
 PSYoungGen      total 236544K, used 13301K [0x000000076ad80000, 0x0000000782400000, 0x00000007c0000000)
  eden space 223232K, 0% used [0x000000076ad80000,0x000000076ad80000,0x0000000778780000)
  from space 13312K, 99% used [0x0000000778780000,0x000000077947d770,0x0000000779480000)
  to   space 15872K, 0% used [0x0000000781480000,0x0000000781480000,0x0000000782400000)
 ParOldGen       total 128000K, used 18993K [0x00000006c0800000, 0x00000006c8500000, 0x000000076ad80000)
  object space 128000K, 14% used [0x00000006c0800000,0x00000006c1a8c5f8,0x00000006c8500000)
 Metaspace       used 42353K, capacity 44460K, committed 44668K, reserved 1087488K
  class space    used 5605K, capacity 5999K, committed 6016K, reserved 1048576K
}

Deoptimization events (0 events):
No events

Classes redefined (0 events):
No events

Internal exceptions (10 events):
Event: 10.037 Thread 0x0000020efeec2800 Exception <a 'java/lang/ArrayIndexOutOfBoundsException'> (0x0000000770f11910) thrown at [C:\jenkins\workspace\8-2-build-windows-amd64-cygwin\jdk8u271\605\hotspot\src\share\vm\runtime\sharedRuntime.cpp, line 609]
Event: 10.037 Thread 0x0000020efeec2800 Exception <a 'java/lang/ArrayIndexOutOfBoundsException'> (0x0000000770f12eb8) thrown at [C:\jenkins\workspace\8-2-build-windows-amd64-cygwin\jdk8u271\605\hotspot\src\share\vm\runtime\sharedRuntime.cpp, line 609]
Event: 10.041 Thread 0x0000020efeec2800 Exception <a 'java/lang/ArrayIndexOutOfBoundsException'> (0x0000000770f9cbc8) thrown at [C:\jenkins\workspace\8-2-build-windows-amd64-cygwin\jdk8u271\605\hotspot\src\share\vm\runtime\sharedRuntime.cpp, line 609]
Event: 10.046 Thread 0x0000020efeec2800 Exception <a 'java/lang/ArrayIndexOutOfBoundsException'> (0x0000000771093040) thrown at [C:\jenkins\workspace\8-2-build-windows-amd64-cygwin\jdk8u271\605\hotspot\src\share\vm\runtime\sharedRuntime.cpp, line 609]
Event: 10.198 Thread 0x0000020efeec1000 Exception <a 'java/lang/ArrayIndexOutOfBoundsException'> (0x000000077147cfd8) thrown at [C:\jenkins\workspace\8-2-build-windows-amd64-cygwin\jdk8u271\605\hotspot\src\share\vm\runtime\sharedRuntime.cpp, line 609]
Event: 10.199 Thread 0x0000020efeec1000 Exception <a 'java/lang/ArrayIndexOutOfBoundsException'> (0x000000077149ebb0) thrown at [C:\jenkins\workspace\8-2-build-windows-amd64-cygwin\jdk8u271\605\hotspot\src\share\vm\runtime\sharedRuntime.cpp, line 609]
Event: 32.737 Thread 0x0000020efeec1000 Exception <a 'java/lang/ArrayIndexOutOfBoundsException'> (0x000000077272ac60) thrown at [C:\jenkins\workspace\8-2-build-windows-amd64-cygwin\jdk8u271\605\hotspot\src\share\vm\runtime\sharedRuntime.cpp, line 609]
Event: 32.737 Thread 0x0000020efeec1000 Exception <a 'java/lang/ArrayIndexOutOfBoundsException'> (0x00000007739b0b10) thrown at [C:\jenkins\workspace\8-2-build-windows-amd64-cygwin\jdk8u271\605\hotspot\src\share\vm\runtime\sharedRuntime.cpp, line 609]
Event: 33.677 Thread 0x0000020efeec1000 Exception <a 'java/lang/ArrayIndexOutOfBoundsException'> (0x0000000773a56610) thrown at [C:\jenkins\workspace\8-2-build-windows-amd64-cygwin\jdk8u271\605\hotspot\src\share\vm\runtime\sharedRuntime.cpp, line 609]
Event: 133.731 Thread 0x0000020efd50b800 Exception <a 'java/lang/InterruptedException': sleep interrupted> (0x0000000776f71398) thrown at [C:\jenkins\workspace\8-2-build-windows-amd64-cygwin\jdk8u271\605\hotspot\src\share\vm\prims\jvm.cpp, line 3346]

Events (10 events):
Event: 133.729 loading class org/springframework/context/support/DefaultLifecycleProcessor
Event: 133.729 loading class org/springframework/context/support/DefaultLifecycleProcessor done
Event: 133.731 Thread 0x0000020efeedc000 Thread exited: 0x0000020efeedc000
Event: 133.731 Thread 0x0000020efd50b800 Thread exited: 0x0000020efd50b800
Event: 133.731 loading class org/springframework/jmx/export/NotificationListenerBean
Event: 133.731 loading class org/springframework/jmx/export/NotificationListenerBean done
Event: 133.731 loading class org/springframework/jmx/export/NotificationListenerBean
Event: 133.731 loading class org/springframework/jmx/export/NotificationListenerBean done
Event: 133.731 loading class org/springframework/jmx/export/MBeanExporter
Event: 133.731 loading class org/springframework/jmx/export/MBeanExporter done


Dynamic libraries:
0x00007ff6255e0000 - 0x00007ff625627000 	D:\Java\jdk1.8.0_271\bin\java.exe
0x00007ffce1e70000 - 0x00007ffce2065000 	C:\WINDOWS\SYSTEM32\ntdll.dll
0x00007ffce0090000 - 0x00007ffce014e000 	C:\WINDOWS\System32\KERNEL32.DLL
0x00007ffcdf6c0000 - 0x00007ffcdf988000 	C:\WINDOWS\System32\KERNELBASE.dll
0x00007ffce1160000 - 0x00007ffce120c000 	C:\WINDOWS\System32\ADVAPI32.dll
0x00007ffcdff10000 - 0x00007ffcdffae000 	C:\WINDOWS\System32\msvcrt.dll
0x00007ffce13c0000 - 0x00007ffce145b000 	C:\WINDOWS\System32\sechost.dll
0x00007ffce1610000 - 0x00007ffce173a000 	C:\WINDOWS\System32\RPCRT4.dll
0x00007ffce0ea0000 - 0x00007ffce1041000 	C:\WINDOWS\System32\USER32.dll
0x00007ffcdf690000 - 0x00007ffcdf6b2000 	C:\WINDOWS\System32\win32u.dll
0x00007ffce1570000 - 0x00007ffce159b000 	C:\WINDOWS\System32\GDI32.dll
0x00007ffcdfc70000 - 0x00007ffcdfd7d000 	C:\WINDOWS\System32\gdi32full.dll
0x00007ffcdfaf0000 - 0x00007ffcdfb8d000 	C:\WINDOWS\System32\msvcp_win.dll
0x00007ffcdfd80000 - 0x00007ffcdfe80000 	C:\WINDOWS\System32\ucrtbase.dll
0x00007ffccd2d0000 - 0x00007ffccd56a000 	C:\WINDOWS\WinSxS\amd64_microsoft.windows.common-controls_6595b64144ccf1df_6.0.19041.1110_none_60b5254171f9507e\COMCTL32.dll
0x00007ffce1130000 - 0x00007ffce1160000 	C:\WINDOWS\System32\IMM32.DLL
0x00007ffccfd60000 - 0x00007ffccfd75000 	D:\Java\jdk1.8.0_271\jre\bin\vcruntime140.dll
0x00007ffcc5160000 - 0x00007ffcc51fb000 	D:\Java\jdk1.8.0_271\jre\bin\msvcp140.dll
0x0000000057770000 - 0x0000000057fdf000 	D:\Java\jdk1.8.0_271\jre\bin\server\jvm.dll
0x00007ffce1740000 - 0x00007ffce1748000 	C:\WINDOWS\System32\PSAPI.DLL
0x00007ffcd38e0000 - 0x00007ffcd3907000 	C:\WINDOWS\SYSTEM32\WINMM.dll
0x00007ffcd08e0000 - 0x00007ffcd08e9000 	C:\WINDOWS\SYSTEM32\WSOCK32.dll
0x00007ffcd8bb0000 - 0x00007ffcd8bba000 	C:\WINDOWS\SYSTEM32\VERSION.dll
0x00007ffce15a0000 - 0x00007ffce160b000 	C:\WINDOWS\System32\WS2_32.dll
0x00007ffcdde50000 - 0x00007ffcdde62000 	C:\WINDOWS\SYSTEM32\kernel.appcore.dll
0x00007ffcd2530000 - 0x00007ffcd2540000 	D:\Java\jdk1.8.0_271\jre\bin\verify.dll
0x00007ffcc5130000 - 0x00007ffcc515b000 	D:\Java\jdk1.8.0_271\jre\bin\java.dll
0x00007ffcc50d0000 - 0x00007ffcc5106000 	D:\Java\jdk1.8.0_271\jre\bin\jdwp.dll
0x00007ffcd0ba0000 - 0x00007ffcd0ba9000 	D:\Java\jdk1.8.0_271\jre\bin\npt.dll
0x00007ffcc5020000 - 0x00007ffcc5050000 	D:\Java\jdk1.8.0_271\jre\bin\instrument.dll
0x00007ffcc5110000 - 0x00007ffcc5128000 	D:\Java\jdk1.8.0_271\jre\bin\zip.dll
0x00007ffce0620000 - 0x00007ffce0d64000 	C:\WINDOWS\System32\SHELL32.dll
0x00007ffcdd670000 - 0x00007ffcdde04000 	C:\WINDOWS\SYSTEM32\windows.storage.dll
0x00007ffce02c0000 - 0x00007ffce0615000 	C:\WINDOWS\System32\combase.dll
0x00007ffcdefd0000 - 0x00007ffcdeffe000 	C:\WINDOWS\SYSTEM32\Wldp.dll
0x00007ffce14c0000 - 0x00007ffce156d000 	C:\WINDOWS\System32\SHCORE.dll
0x00007ffce1460000 - 0x00007ffce14b5000 	C:\WINDOWS\System32\shlwapi.dll
0x00007ffcdf4c0000 - 0x00007ffcdf4df000 	C:\WINDOWS\SYSTEM32\profapi.dll
0x00007ffcd0b50000 - 0x00007ffcd0b5a000 	D:\Java\jdk1.8.0_271\jre\bin\dt_socket.dll
0x00007ffcded30000 - 0x00007ffcded9a000 	C:\WINDOWS\system32\mswsock.dll
0x00007ffcc50b0000 - 0x00007ffcc50cc000 	D:\Java\jdk1.8.0_271\jre\bin\net.dll
0x00007ffcdea20000 - 0x00007ffcdeaeb000 	C:\WINDOWS\SYSTEM32\DNSAPI.dll
0x00007ffcde9d0000 - 0x00007ffcdea0b000 	C:\WINDOWS\SYSTEM32\IPHLPAPI.DLL
0x00007ffce0250000 - 0x00007ffce0258000 	C:\WINDOWS\System32\NSI.dll
0x00007ffccf8e0000 - 0x00007ffccf8ea000 	C:\Windows\System32\rasadhlp.dll
0x00007ffcd3600000 - 0x00007ffcd367f000 	C:\WINDOWS\System32\fwpuclnt.dll
0x00007ffcdfe80000 - 0x00007ffcdfea7000 	C:\WINDOWS\System32\bcrypt.dll
0x00007ffccdb00000 - 0x00007ffccdb0d000 	D:\Java\jdk1.8.0_271\jre\bin\management.dll
0x00007ffcc5000000 - 0x00007ffcc5013000 	D:\Java\jdk1.8.0_271\jre\bin\nio.dll
0x00007ffcdef30000 - 0x00007ffcdef48000 	C:\WINDOWS\SYSTEM32\CRYPTSP.dll
0x00007ffcde5e0000 - 0x00007ffcde614000 	C:\WINDOWS\system32\rsaenh.dll
0x00007ffcdf480000 - 0x00007ffcdf4ae000 	C:\WINDOWS\SYSTEM32\USERENV.dll
0x00007ffcdfb90000 - 0x00007ffcdfc12000 	C:\WINDOWS\System32\bcryptprimitives.dll
0x00007ffcdef20000 - 0x00007ffcdef2c000 	C:\WINDOWS\SYSTEM32\CRYPTBASE.dll
0x00007ffcd88a0000 - 0x00007ffcd88b7000 	C:\WINDOWS\SYSTEM32\dhcpcsvc6.DLL
0x00007ffcd8b90000 - 0x00007ffcd8bad000 	C:\WINDOWS\SYSTEM32\dhcpcsvc.DLL
0x00007ffccab60000 - 0x00007ffccab77000 	C:\WINDOWS\system32\napinsp.dll
0x00007ffccab40000 - 0x00007ffccab5b000 	C:\WINDOWS\system32\pnrpnsp.dll
0x00007ffccab20000 - 0x00007ffccab35000 	C:\WINDOWS\system32\wshbth.dll
0x00007ffcdabd0000 - 0x00007ffcdabed000 	C:\WINDOWS\system32\NLAapi.dll
0x00007ffccab00000 - 0x00007ffccab12000 	C:\WINDOWS\System32\winrnr.dll
0x00007ffcc4fe0000 - 0x00007ffcc4ff3000 	D:\Java\jdk1.8.0_271\bin\HandyModel.dll
0x00007ffcd87d0000 - 0x00007ffcd87dc000 	C:\WINDOWS\SYSTEM32\VCRUNTIME140_1.dll
0x00007ffcc4f70000 - 0x00007ffcc4f8f000 	D:\Java\jdk1.8.0_271\jre\bin\VeinModel.dll
0x00007ffccda70000 - 0x00007ffccda78000 	D:\Java\jdk1.8.0_271\bin\QuatSlerp.dll
0x00007ffcdd460000 - 0x00007ffcdd644000 	C:\WINDOWS\SYSTEM32\dbghelp.dll

VM Arguments:
jvm_args: -agentlib:jdwp=transport=dt_socket,address=127.0.0.1:60534,suspend=y,server=n -XX:TieredStopAtLevel=1 -Xverify:none -Dspring.output.ansi.enabled=always -Dcom.sun.management.jmxremote -Dspring.jmx.enabled=true -Dspring.liveBeansView.mbeanDomain -Dspring.application.admin.enabled=true -javaagent:C:\Users\HuanVR\.IntelliJIdea2019.2\system\captureAgent\debugger-agent.jar -Dfile.encoding=UTF-8 
java_command: com.huantek.vein.VeinApplication
java_class_path (initial): D:\Java\jdk1.8.0_271\jre\lib\charsets.jar;D:\Java\jdk1.8.0_271\jre\lib\deploy.jar;D:\Java\jdk1.8.0_271\jre\lib\ext\access-bridge-64.jar;D:\Java\jdk1.8.0_271\jre\lib\ext\cldrdata.jar;D:\Java\jdk1.8.0_271\jre\lib\ext\dnsns.jar;D:\Java\jdk1.8.0_271\jre\lib\ext\jaccess.jar;D:\Java\jdk1.8.0_271\jre\lib\ext\jfxrt.jar;D:\Java\jdk1.8.0_271\jre\lib\ext\localedata.jar;D:\Java\jdk1.8.0_271\jre\lib\ext\nashorn.jar;D:\Java\jdk1.8.0_271\jre\lib\ext\sunec.jar;D:\Java\jdk1.8.0_271\jre\lib\ext\sunjce_provider.jar;D:\Java\jdk1.8.0_271\jre\lib\ext\sunmscapi.jar;D:\Java\jdk1.8.0_271\jre\lib\ext\sunpkcs11.jar;D:\Java\jdk1.8.0_271\jre\lib\ext\zipfs.jar;D:\Java\jdk1.8.0_271\jre\lib\javaws.jar;D:\Java\jdk1.8.0_271\jre\lib\jce.jar;D:\Java\jdk1.8.0_271\jre\lib\jfr.jar;D:\Java\jdk1.8.0_271\jre\lib\jfxswt.jar;D:\Java\jdk1.8.0_271\jre\lib\jsse.jar;D:\Java\jdk1.8.0_271\jre\lib\management-agent.jar;D:\Java\jdk1.8.0_271\jre\lib\plugin.jar;D:\Java\jdk1.8.0_271\jre\lib\resources.jar;D:\Java\jdk1.8.0_271\jre\lib\rt.jar;C:\Users\HuanVR\Desktop\vein-socket\target\classes;D:\Java\apache-maven-3.5.4\repo\org\apache\commons\commons-lang3\3.4\commons-lang3-3.4.jar;D:\Java\apache-maven-3.5.4\repo\org\jctools\jctools-core\3.0.0\jctools-core-3.0.0.jar;D:\Java\apache-maven-3.5.4\repo\com\sun\jna\jna\3.0.9\jna-3.0.9.jar;D:\Java\apache-maven-3.5.4\repo\javax\jmdns\jmdns\3.4.1\jmdns-3.4.1.jar;D:\Java\apache-maven-3.5.4\repo\org\apache\httpcomponents\httpclient\4.5.12\httpclient-4.5.12.jar;D:\Java\apache-maven-3.5.4\repo\org\apache\httpcomponents\httpcore\4.4.13\httpcore-4.4.13.jar;D:\Java\apache-maven-3.5.4\repo\commons-codec\commons-codec\1.13\commons-codec-1.13.jar;D:\Java\apache-maven-3.5.4\repo\com\alibaba\fastjson\1.2.70\fastjson-1.2.70.jar;D:\Java\apache-maven-3.5.4\repo\org\xerial\sqlite-jdbc\3.21.0.1\sqlite-jdbc-3.21.0.1.jar;D:\Java\apache-maven-3.5.4\repo\com\corundumstudio\socketio\netty-socketio\1.7.7\netty-socketio-1.7.7.jar;D:\Java\apache-maven-3.5.4\repo\io\netty\netty-b
Launcher Type: SUN_STANDARD

Environment Variables:
JAVA_HOME=D:\Java\jdk1.8.0_271
CLASSPATH=.;D:\Java\jdk1.8.0_271\lib\dt.jar;D:\Java\jdk1.8.0_271\lib\tools.jar
PATH=D:\IntelliJ IDEA 2019.2\jbr\\bin;D:\IntelliJ IDEA 2019.2\jbr\\bin\server;F:\ware\bin\;D:\Java\jdk1.8.0_271\bin;D:\Java\jdk1.8.0_271\jre\bin;C:\Program Files (x86)\Common Files\Oracle\Java\javapath;C:\Program Files\Oculus\Support\oculus-runtime;C:\WINDOWS\system32;C:\WINDOWS;C:\WINDOWS\System32\Wbem;C:\WINDOWS\System32\WindowsPowerShell\v1.0\;C:\Program Files (x86)\GtkSharp\2.12\bin;C:\Program Files\WIDCOMM\Bluetooth Software\;C:\Program Files\WIDCOMM\Bluetooth Software\syswow64;C:\Program Files (x86)\NVIDIA Corporation\PhysX\Common;C:\WINDOWS\System32\OpenSSH\;C:\Program Files\Common Files\Autodesk Shared\;C:\Program Files (x86)\Autodesk\Backburner\;D:\MySQL\MySQL Server 5.1\bin;C:\Program Files (x86)\MySQL\MySQL Server 5.1\bin;D:\Git\cmd;D:\TortoiseGit\bin;D:\Java\bin\apache-maven-3.5.4\apache-maven-3.5.4\bin\;D:\Java\apache-maven-3.6.3\bin\bin\;D:\办公软件\XFTP 7\;C:\WINDOWS\system32;C:\WINDOWS;C:\WINDOWS\System32\Wbem;C:\WINDOWS\System32\WindowsPowerShell\v1.0\;C:\WINDOWS\System32\OpenSSH\;D:\办公软件\Xmanager 7\;C:\Users\HuanVR\AppData\Local\Programs\Python\Python36\Scripts\;C:\Users\HuanVR\AppData\Local\Programs\Python\Python36\;C:\Users\HuanVR\AppData\Local\Programs\Python\Python38-32\Scripts\;C:\Users\HuanVR\AppData\Local\Programs\Python\Python38-32\;C:\Program Files\MySQL\MySQL Shell 8.0\bin\;C:\Users\HuanVR\AppData\Local\Microsoft\WindowsApps;;D:\BaiduNetdiskDownload\PyCharm\PyCharm Community Edition 2019.3.1\bin;;D:\办公软件\DevEco Studio\bin;
USERNAME=PS2-Inception
OS=Windows_NT
PROCESSOR_IDENTIFIER=Intel64 Family 6 Model 94 Stepping 3, GenuineIntel



---------------  S Y S T E M  ---------------

OS: Windows 10.0 , 64 bit Build 19041 (10.0.19041.1348)

CPU:total 8 (initial active 8) (4 cores per cpu, 2 threads per core) family 6 model 94 stepping 3, cmov, cx8, fxsr, mmx, sse, sse2, sse3, ssse3, sse4.1, sse4.2, popcnt, avx, avx2, aes, clmul, erms, rtm, 3dnowpref, lzcnt, ht, tsc, tscinvbit, bmi1, bmi2, adx

Memory: 4k page, physical 16738496k(6777940k free), swap 20695252k(4136592k free)

vm_info: Java HotSpot(TM) 64-Bit Server VM (25.271-b09) for windows-amd64 JRE (1.8.0_271-b09), built on Sep 16 2020 19:14:59 by "" with MS VC++ 15.9 (VS2017)

time: Thu Apr 28 15:01:38 2022
timezone: 中国标准时间
elapsed time: 133.797043 seconds (0d 0h 2m 13s)

